2025-04-27 09:08:27.103 [info] [main] Log level: Info
2025-04-27 09:08:27.103 [info] [main] Validating found git in: "git"
2025-04-27 09:08:27.103 [info] [main] Using git "2.34.1" from "git"
2025-04-27 09:08:27.104 [info] [Model][doInitialScan] Initial repository scan started
2025-04-27 09:08:27.104 [info] > git rev-parse --show-toplevel [4ms]
2025-04-27 09:08:27.104 [info] fatal: not a git repository (or any of the parent directories): .git
2025-04-27 09:08:27.104 [info] > git rev-parse --show-toplevel [3ms]
2025-04-27 09:08:27.104 [info] fatal: not a git repository (or any of the parent directories): .git
2025-04-27 09:08:27.105 [info] > git rev-parse --show-toplevel [2ms]
2025-04-27 09:08:27.105 [info] fatal: not a git repository (or any of the parent directories): .git
2025-04-27 09:08:27.105 [info] > git rev-parse --show-toplevel [3ms]
2025-04-27 09:08:27.105 [info] fatal: not a git repository (or any of the parent directories): .git
2025-04-27 09:08:27.105 [info] > git rev-parse --show-toplevel [3ms]
2025-04-27 09:08:27.106 [info] fatal: not a git repository (or any of the parent directories): .git
2025-04-27 09:08:27.106 [info] > git rev-parse --show-toplevel [2ms]
2025-04-27 09:08:27.106 [info] fatal: not a git repository (or any of the parent directories): .git
2025-04-27 09:08:27.106 [info] > git rev-parse --show-toplevel [2ms]
2025-04-27 09:08:27.106 [info] fatal: not a git repository (or any of the parent directories): .git
2025-04-27 09:08:27.106 [info] > git rev-parse --show-toplevel [3ms]
2025-04-27 09:08:27.107 [info] > git rev-parse --git-dir --git-common-dir [2ms]
2025-04-27 09:08:27.107 [info] [Model][openRepository] Opened repository: /home/ubuntu/.nvm
2025-04-27 09:08:27.107 [info] > git config --get commit.template [5ms]
2025-04-27 09:08:27.107 [info] > git rev-parse --show-toplevel [7ms]
2025-04-27 09:08:27.107 [info] fatal: not a git repository (or any of the parent directories): .git
2025-04-27 09:08:27.107 [info] > git for-each-ref --format %(refname)%00%(objectname)%00%(*objectname) refs/tags [8ms]
2025-04-27 09:08:27.108 [info] > git rev-parse --show-toplevel [12ms]
2025-04-27 09:08:27.108 [info] fatal: not a git repository (or any of the parent directories): .git
2025-04-27 09:08:27.108 [info] > git for-each-ref --sort -committerdate --format %(refname)%00%(objectname)%00%(*objectname) [6ms]
2025-04-27 09:08:27.108 [info] > git rev-parse --show-toplevel [4ms]
2025-04-27 09:08:27.108 [info] fatal: not a git repository (or any of the parent directories): .git
2025-04-27 09:08:27.110 [info] > git rev-parse --show-toplevel [8ms]
2025-04-27 09:08:27.110 [info] fatal: not a git repository (or any of the parent directories): .git
2025-04-27 09:08:27.116 [info] > git rev-parse --show-toplevel [2ms]
2025-04-27 09:08:27.117 [info] fatal: not a git repository (or any of the parent directories): .git
2025-04-27 09:08:27.123 [info] > git status -z -uall [41ms]
2025-04-27 09:08:27.159 [info] > git rev-parse --show-toplevel [36ms]
2025-04-27 09:08:27.160 [info] fatal: not a git repository (or any of the parent directories): .git
2025-04-27 09:08:27.165 [info] > git config --get commit.template [7ms]
2025-04-27 09:08:27.176 [info] > git for-each-ref --format %(refname)%00%(objectname)%00%(*objectname) refs/tags [2ms]
2025-04-27 09:08:27.198 [info] > git rev-parse --show-toplevel [34ms]
2025-04-27 09:08:27.199 [info] fatal: not a git repository (or any of the parent directories): .git
2025-04-27 09:08:27.204 [info] [Model][doInitialScan] Initial repository scan completed - repositories (1), closed repositories (0), parent repositories (0), unsafe repositories (0)
2025-04-27 09:08:27.205 [info] > git for-each-ref --sort -committerdate --format %(refname)%00%(objectname)%00%(*objectname) [7ms]
2025-04-27 09:08:27.215 [info] > git status -z -uall [31ms]
2025-04-27 09:08:27.725 [info] > git rev-parse --show-toplevel [2ms]
2025-04-27 09:08:27.777 [info] > git check-ignore -v -z --stdin [3ms]
